[2025-05-04 08:18:54] Created group: engineering
[2025-05-04 08:18:54] Created user: jdoe, Fullname: John Doe, Group: engineering
[2025-05-04 08:18:55] Password set for jdoe
[2025-05-04 08:18:55] Password reset on first login enforced for jdoe
[2025-05-04 08:18:55] Permissions set to 700 on /home/jdoe
[2025-05-04 08:18:57] Email sent to jdoe@gmail.com
[2025-05-04 08:18:57] Group already exists: engineering
[2025-05-04 08:18:57] Created user: asmith, Fullname: Alice Smith, Group: engineering
[2025-05-04 08:18:58] Password set for asmith
[2025-05-04 08:18:58] Password reset on first login enforced for asmith
[2025-05-04 08:18:58] Permissions set to 700 on /home/asmith
[2025-05-04 08:19:01] Email sent to asmith@gmail.com
[2025-05-04 08:19:01] Created group: design
[2025-05-04 08:19:01] Created user: mjones, Fullname: Mike Jones, Group: design
[2025-05-04 08:19:01] Password set for mjones
[2025-05-04 08:19:01] Password reset on first login enforced for mjones
[2025-05-04 08:19:01] Permissions set to 700 on /home/mjones
[2025-05-04 08:19:04] Email sent to mjones@gmail.com
[2025-05-04 08:19:04] Created group: devops
[2025-05-04 08:19:04] Created user: mangucletus, Fullname: Mangu Cletus, Group: devops
[2025-05-04 08:19:04] Password set for mangucletus
[2025-05-04 08:19:04] Password reset on first login enforced for mangucletus
[2025-05-04 08:19:04] Permissions set to 700 on /home/mangucletus
[2025-05-04 08:19:07] Email sent to mangucletus@gmail.com
[2025-05-06 12:07:05] Created group: engineering
[2025-05-06 12:07:05] Created user: jdoe, Fullname: John Doe, Group: engineering
[2025-05-06 12:07:05] Password set for jdoe
[2025-05-06 12:07:05] Password reset on first login enforced for jdoe
[2025-05-06 12:07:05] Permissions set to 700 on /home/jdoe
[2025-05-06 12:09:26] Group already exists: engineering
[2025-05-06 12:09:26] User 'jdoe' already exists.
[2025-05-06 12:09:26] Group already exists: engineering
[2025-05-06 12:09:26] Created user: asmith, Fullname: Alice Smith, Group: engineering
[2025-05-06 12:09:26] Password set for asmith
[2025-05-06 12:09:26] Password reset on first login enforced for asmith
[2025-05-06 12:09:26] Permissions set to 700 on /home/asmith
[2025-05-06 12:09:30] Email sent to asmith@gmail.com
[2025-05-06 12:09:30] Group already exists: design
[2025-05-06 12:09:30] Created user: mjones, Fullname: Mike Jones, Group: design
[2025-05-06 12:09:30] Password set for mjones
[2025-05-06 12:09:30] Password reset on first login enforced for mjones
[2025-05-06 12:09:30] Permissions set to 700 on /home/mjones
[2025-05-06 12:09:33] Email sent to mjones@gmail.com
[2025-05-06 12:09:33] Created group: devops
[2025-05-06 12:09:33] Created user: mangucletus, Fullname: Mangu Cletus, Group: devops
[2025-05-06 12:09:33] Password set for mangucletus
[2025-05-06 12:09:33] Password reset on first login enforced for mangucletus
[2025-05-06 12:09:33] Permissions set to 700 on /home/mangucletus
[2025-05-06 12:09:36] Email sent to mangucletus@gmail.com
[2025-05-07 22:06:46] Created group: engineering
[2025-05-07 22:06:46] Created user: jdoe, Fullname: John Doe, Group: engineering
[2025-05-07 22:06:46] Temporary password set for jdoe
[2025-05-07 22:06:46] Password reset on first login enforced
[2025-05-07 22:06:46] Set /home/jdoe permissions to 700
[2025-05-07 22:06:49] Email sent to jdoe@gmail.com
[2025-05-07 22:06:49] Created user: asmith, Fullname: Alice Smith, Group: engineering
[2025-05-07 22:06:49] Temporary password set for asmith
[2025-05-07 22:06:49] Password reset on first login enforced
[2025-05-07 22:06:49] Set /home/asmith permissions to 700
[2025-05-07 22:06:52] Email sent to asmith@gmail.com
[2025-05-07 22:06:52] Created group: design
[2025-05-07 22:06:52] Created user: mjones, Fullname: Mike Jones, Group: design
[2025-05-07 22:06:52] Temporary password set for mjones
[2025-05-07 22:06:52] Password reset on first login enforced
[2025-05-07 22:06:52] Set /home/mjones permissions to 700
[2025-05-07 22:06:56] Email sent to mjones@gmail.com
[2025-05-07 22:06:56] Created group: devops
[2025-05-07 22:06:56] Created user: mangucletus, Fullname: Mangu Cletus, Group: devops
[2025-05-07 22:06:56] Temporary password set for mangucletus
[2025-05-07 22:06:56] Password reset on first login enforced
[2025-05-07 22:06:56] Set /home/mangucletus permissions to 700
[2025-05-07 22:07:00] Email sent to mangucletus@gmail.com
[2025-05-07 22:30:23] Created group: engineering
[2025-05-07 22:30:23] Created user: jdoe, Fullname: John Doe, Group: engineering
[2025-05-07 22:30:23] Temporary password set for jdoe
[2025-05-07 22:30:23] Password reset on first login enforced
[2025-05-07 22:30:23] Set /home/jdoe permissions to 700
[2025-05-07 22:30:27] Email sent to jdoe@gmail.com
[2025-05-07 22:30:27] Created user: asmith, Fullname: Alice Smith, Group: engineering
[2025-05-07 22:30:27] Temporary password set for asmith
[2025-05-07 22:30:27] Password reset on first login enforced
[2025-05-07 22:30:27] Set /home/asmith permissions to 700
[2025-05-07 22:30:31] Email sent to asmith@gmail.com
[2025-05-07 22:30:31] Created group: design
[2025-05-07 22:30:31] Created user: mjones, Fullname: Mike Jones, Group: design
[2025-05-07 22:30:31] Temporary password set for mjones
[2025-05-07 22:30:31] Password reset on first login enforced
[2025-05-07 22:30:31] Set /home/mjones permissions to 700
[2025-05-07 22:30:35] Email sent to mjones@gmail.com
[2025-05-07 22:30:35] Created group: devops
[2025-05-07 22:30:35] Created user: mangucletus, Fullname: Mangu Cletus, Group: devops
[2025-05-07 22:30:35] Temporary password set for mangucletus
[2025-05-07 22:30:35] Password reset on first login enforced
[2025-05-07 22:30:35] Set /home/mangucletus permissions to 700
[2025-05-07 22:30:39] Email sent to mangucletus@gmail.com
